<?xml version="1.0" encoding="UTF-8" ?>
<testsuite tests="38" failures="0" name="runner.TestRunner" time="3.723" errors="0" skipped="0">
  <properties>
[...]
</properties>
  <testcase classname="Scenario: Test All Payment and All Tariff types comparison for both Electriciy and Gas with Bill" name="Given I am a &quot;Gas &amp; Electricity&quot; customer &quot;with&quot; bill from postcode &quot;PE26YS&quot;" time="0.002"/>
  <testcase classname="Scenario: Test All Payment and All Tariff types comparison for both Electriciy and Gas with Bill" name="Then I should be asked whether my suppliers are same" time="0.002"/>
  <testcase classname="Scenario: Test All Payment and All Tariff types comparison for both Electriciy and Gas with Bill" name="When My Gas &amp; Electricity suppliers are &quot;different&quot;" time="0"/>
  <testcase classname="Scenario: Test All Payment and All Tariff types comparison for both Electriciy and Gas with Bill" name="And My Electricity supplier is &quot;British&quot;" time="0"/>
  <testcase classname="Scenario: Test All Payment and All Tariff types comparison for both Electriciy and Gas with Bill" name="And My Gas supplier is &quot;SSE&quot;" time="0"/>
  <testcase classname="Scenario: Test All Payment and All Tariff types comparison for both Electriciy and Gas with Bill" name="When I move to the next page and I &quot;have&quot; a economy7 meter and My current electricity usage is in &quot;kWh&quot;" time="0"/>
  <testcase classname="Scenario: Test All Payment and All Tariff types comparison for both Electriciy and Gas with Bill" name="Then I should be able to see day and night fields related to economy7" time="0"/>
  <testcase classname="Scenario: Test All Payment and All Tariff types comparison for both Electriciy and Gas with Bill" name="When I leave one of the usage field empty and click Next" time="0"/>
  <testcase classname="Scenario: Test All Payment and All Tariff types comparison for both Electriciy and Gas with Bill" name="Then I should see error message &quot;Complete this section to continue&quot;" time="0"/>
  <testcase classname="Scenario: Test All Payment and All Tariff types comparison for both Electriciy and Gas with Bill" name="When I enter the day and night usage in annual cycle and move to the next page and enter the gas usage in pound on a monthly cycle" time="0.001"/>
  <testcase classname="Scenario: Test All Payment and All Tariff types comparison for both Electriciy and Gas with Bill" name="Then I should be asked to select bill date" time="0"/>
  <testcase classname="Scenario: Test All Payment and All Tariff types comparison for both Electriciy and Gas with Bill" name="When I provide today as bill date and move to the next page and I am interested in All tariffs and All payment types" time="0"/>
  <testcase classname="Scenario: Test All Payment and All Tariff types comparison for both Electriciy and Gas with Bill" name="And I enter my email id" time="0"/>
  <testcase classname="Scenario: Test All Payment and All Tariff types comparison for both Electriciy and Gas with Bill" name="And I agree to marketing information via email" time="0"/>
  <testcase classname="Scenario: Test All Payment and All Tariff types comparison for both Electriciy and Gas with Bill" name="And I agree to the terms and conditions" time="0"/>
  <testcase classname="Scenario: Test All Payment and All Tariff types comparison for both Electriciy and Gas with Bill" name="And I click GoToPrices" time="0"/>
  <testcase classname="Scenario: Test All Payment and All Tariff types comparison for both Electriciy and Gas with Bill" name="Then I should be able to see All Payment types and All tariff types in my results page" time="0"/>
  <testcase classname="Scenario: Test All Payment and All Tariff types comparison for both Electriciy and Gas with Bill" name="Scenario: Test All Payment and All Tariff types comparison for both Electriciy and Gas with Bill" time="2.569"/>
  <testcase classname="Scenario: Test Variable tariff and Monthly direct debit types comparison for Electricity only without Bill" name="Given I am a &quot;Electricity only&quot; customer &quot;without&quot; bill from postcode &quot;PE26YS&quot;" time="0"/>
  <testcase classname="Scenario: Test Variable tariff and Monthly direct debit types comparison for Electricity only without Bill" name="And My Electricity supplier is &quot;Scottish&quot;" time="0"/>
  <testcase classname="Scenario: Test Variable tariff and Monthly direct debit types comparison for Electricity only without Bill" name="When I move to the next page and I &quot;have&quot; a economy7 meter and My electricity expense is &quot;200&quot; pounds monthly and click Next" time="0"/>
  <testcase classname="Scenario: Test Variable tariff and Monthly direct debit types comparison for Electricity only without Bill" name="When I am interested in Variable tariffs and Monthly direct debit" time="0"/>
  <testcase classname="Scenario: Test Variable tariff and Monthly direct debit types comparison for Electricity only without Bill" name="And I enter my email id" time="0"/>
  <testcase classname="Scenario: Test Variable tariff and Monthly direct debit types comparison for Electricity only without Bill" name="And I agree to marketing information via email" time="0"/>
  <testcase classname="Scenario: Test Variable tariff and Monthly direct debit types comparison for Electricity only without Bill" name="And I agree to the terms and conditions" time="0.001"/>
  <testcase classname="Scenario: Test Variable tariff and Monthly direct debit types comparison for Electricity only without Bill" name="And I click GoToPrices" time="0"/>
  <testcase classname="Scenario: Test Variable tariff and Monthly direct debit types comparison for Electricity only without Bill" name="Then I should be able to see Monthly direct debit payment types and Variable tariff types in my results page" time="0"/>
  <testcase classname="Scenario: Test Variable tariff and Monthly direct debit types comparison for Electricity only without Bill" name="Scenario: Test Variable tariff and Monthly direct debit types comparison for Electricity only without Bill" time="0.649"/>
  <testcase classname="Scenario: Test Variable tariff and Monthly direct debit types comparison for Gas only without Bill" name="Given I am a &quot;Gas only&quot; customer &quot;without&quot; bill from postcode &quot;PE26YS&quot;" time="0"/>
  <testcase classname="Scenario: Test Variable tariff and Monthly direct debit types comparison for Gas only without Bill" name="And My Gas supplier is &quot;EDF&quot;" time="0"/>
  <testcase classname="Scenario: Test Variable tariff and Monthly direct debit types comparison for Gas only without Bill" name="When I move to the next page and My gas expense is &quot;200&quot; pounds monthly and click Next" time="0.002"/>
  <testcase classname="Scenario: Test Variable tariff and Monthly direct debit types comparison for Gas only without Bill" name="When I am interested in Variable tariffs and Monthly direct debit" time="0"/>
  <testcase classname="Scenario: Test Variable tariff and Monthly direct debit types comparison for Gas only without Bill" name="And I enter my email id" time="0"/>
  <testcase classname="Scenario: Test Variable tariff and Monthly direct debit types comparison for Gas only without Bill" name="And I agree to marketing information via email" time="0"/>
  <testcase classname="Scenario: Test Variable tariff and Monthly direct debit types comparison for Gas only without Bill" name="And I agree to the terms and conditions" time="0"/>
  <testcase classname="Scenario: Test Variable tariff and Monthly direct debit types comparison for Gas only without Bill" name="And I click GoToPrices" time="0"/>
  <testcase classname="Scenario: Test Variable tariff and Monthly direct debit types comparison for Gas only without Bill" name="Then I should be able to see Monthly direct debit payment types and Variable tariff types in my results page" time="0"/>
  <testcase classname="Scenario: Test Variable tariff and Monthly direct debit types comparison for Gas only without Bill" name="Scenario: Test Variable tariff and Monthly direct debit types comparison for Gas only without Bill" time="0.497"/>
</testsuite>